<?xml version="1.0" encoding="utf-8"?><testsuites name="pytest tests"><testsuite name="pytest" errors="0" failures="0" skipped="0" tests="41" time="10.477" timestamp="2026-04-01T04:39:20.112701+00:00" hostname="agent-env-9e1518f8-2955-480c-881b-d94dec7231e8"><testcase classname="backend.tests.test_refactored_routes.TestHealthCheck" name="test_health_check" time="0.255" /><testcase classname="backend.tests.test_refactored_routes.TestAuthentication" name="test_login_success" time="0.142" /><testcase classname="backend.tests.test_refactored_routes.TestAuthentication" name="test_login_invalid_credentials" time="0.147" /><testcase classname="backend.tests.test_refactored_routes.TestAuthentication" name="test_logout" time="0.140" /><testcase classname="backend.tests.test_refactored_routes.TestIncomeCRUD" name="test_get_income_list" time="0.200" /><testcase classname="backend.tests.test_refactored_routes.TestIncomeCRUD" name="test_create_income" time="0.427" /><testcase classname="backend.tests.test_refactored_routes.TestIncomeCRUD" name="test_update_income" time="0.464" /><testcase classname="backend.tests.test_refactored_routes.TestIncomeCRUD" name="test_delete_income" time="0.405" /><testcase classname="backend.tests.test_refactored_routes.TestIncomeCRUD" name="test_income_requires_auth" time="0.202" /><testcase classname="backend.tests.test_refactored_routes.TestExpensesCRUD" name="test_get_expenses_list" time="0.209" /><testcase classname="backend.tests.test_refactored_routes.TestExpensesCRUD" name="test_create_expense" time="0.303" /><testcase classname="backend.tests.test_refactored_routes.TestExpensesCRUD" name="test_update_expense" time="0.396" /><testcase classname="backend.tests.test_refactored_routes.TestExpensesCRUD" name="test_delete_expense" time="0.330" /><testcase classname="backend.tests.test_refactored_routes.TestBudgets" name="test_get_budgets" time="0.187" /><testcase classname="backend.tests.test_refactored_routes.TestBudgets" name="test_create_budget" time="0.299" /><testcase classname="backend.tests.test_refactored_routes.TestBudgets" name="test_get_budget_status" time="0.202" /><testcase classname="backend.tests.test_refactored_routes.TestBudgets" name="test_update_budget" time="0.418" /><testcase classname="backend.tests.test_refactored_routes.TestBudgets" name="test_delete_budget" time="0.316" /><testcase classname="backend.tests.test_refactored_routes.TestRecurringTransactions" name="test_get_recurring_transactions" time="0.254" /><testcase classname="backend.tests.test_refactored_routes.TestRecurringTransactions" name="test_create_recurring_transaction" time="0.320" /><testcase classname="backend.tests.test_refactored_routes.TestRecurringTransactions" name="test_toggle_recurring_transaction" time="0.397" /><testcase classname="backend.tests.test_refactored_routes.TestRecurringTransactions" name="test_generate_recurring_entries" time="0.195" /><testcase classname="backend.tests.test_refactored_routes.TestNotifications" name="test_get_notifications" time="0.203" /><testcase classname="backend.tests.test_refactored_routes.TestNotifications" name="test_get_notification_preferences" time="0.224" /><testcase classname="backend.tests.test_refactored_routes.TestNotifications" name="test_update_notification_preferences" time="0.207" /><testcase classname="backend.tests.test_refactored_routes.TestNotifications" name="test_check_recurring_notifications" time="0.200" /><testcase classname="backend.tests.test_refactored_routes.TestNotifications" name="test_mark_all_notifications_read" time="0.219" /><testcase classname="backend.tests.test_refactored_routes.TestAnalytics" name="test_get_dashboard_analytics" time="0.220" /><testcase classname="backend.tests.test_refactored_routes.TestAnalytics" name="test_get_monthly_analytics" time="0.197" /><testcase classname="backend.tests.test_refactored_routes.TestAnalytics" name="test_get_reports" time="0.189" /><testcase classname="backend.tests.test_refactored_routes.TestAnalytics" name="test_get_quick_summary" time="0.227" /><testcase classname="backend.tests.test_refactored_routes.TestUserProfile" name="test_get_user_profile" time="0.198" /><testcase classname="backend.tests.test_refactored_routes.TestUserProfile" name="test_get_user_settings" time="0.194" /><testcase classname="backend.tests.test_refactored_routes.TestUserProfile" name="test_update_user_settings" time="0.197" /><testcase classname="backend.tests.test_refactored_routes.TestMiscEndpoints" name="test_get_currencies" time="0.199" /><testcase classname="backend.tests.test_refactored_routes.TestMiscEndpoints" name="test_get_products" time="0.201" /><testcase classname="backend.tests.test_refactored_routes.TestMiscEndpoints" name="test_get_categories" time="0.343" /><testcase classname="backend.tests.test_refactored_routes.TestMiscEndpoints" name="test_get_product_suggestions" time="0.198" /><testcase classname="backend.tests.test_refactored_routes.TestMiscEndpoints" name="test_get_person_suggestions" time="0.224" /><testcase classname="backend.tests.test_refactored_routes.TestMiscEndpoints" name="test_get_category_suggestions" time="0.187" /><testcase classname="backend.tests.test_refactored_routes.TestMiscEndpoints" name="test_parse_import" time="0.218" /></testsuite></testsuites>