<?xml version="1.0" encoding="utf-8"?><testsuites name="pytest tests"><testsuite name="pytest" errors="0" failures="0" skipped="0" tests="16" time="3.102" timestamp="2026-03-31T05:42:25.413744+00:00" hostname="agent-env-b167ab6a-7770-455e-b9ad-f07950d0eacb"><testcase classname="backend.tests.test_user_data_isolation.TestAuthentication" name="test_login_main_user_success" time="0.174" /><testcase classname="backend.tests.test_user_data_isolation.TestAuthentication" name="test_login_demo_user_success" time="0.127" /><testcase classname="backend.tests.test_user_data_isolation.TestAuthentication" name="test_login_invalid_credentials" time="0.091" /><testcase classname="backend.tests.test_user_data_isolation.TestAuthentication" name="test_register_new_user_empty_dashboard" time="0.235" /><testcase classname="backend.tests.test_user_data_isolation.TestUnauthenticatedAccess" name="test_income_endpoint_requires_auth" time="0.099" /><testcase classname="backend.tests.test_user_data_isolation.TestUnauthenticatedAccess" name="test_expenses_endpoint_requires_auth" time="0.096" /><testcase classname="backend.tests.test_user_data_isolation.TestUnauthenticatedAccess" name="test_dashboard_endpoint_requires_auth" time="0.111" /><testcase classname="backend.tests.test_user_data_isolation.TestUnauthenticatedAccess" name="test_create_income_requires_auth" time="0.096" /><testcase classname="backend.tests.test_user_data_isolation.TestUnauthenticatedAccess" name="test_create_expense_requires_auth" time="0.098" /><testcase classname="backend.tests.test_user_data_isolation.TestUserDataIsolation" name="test_main_user_sees_own_income" time="0.206" /><testcase classname="backend.tests.test_user_data_isolation.TestUserDataIsolation" name="test_demo_user_sees_own_income" time="0.197" /><testcase classname="backend.tests.test_user_data_isolation.TestUserDataIsolation" name="test_main_user_dashboard_shows_own_data" time="0.215" /><testcase classname="backend.tests.test_user_data_isolation.TestUserDataIsolation" name="test_demo_user_dashboard_shows_own_data" time="0.190" /><testcase classname="backend.tests.test_user_data_isolation.TestUserDataIsolation" name="test_create_income_attaches_correct_user_id" time="0.311" /><testcase classname="backend.tests.test_user_data_isolation.TestUserDataIsolation" name="test_create_expense_attaches_correct_user_id" time="0.291" /><testcase classname="backend.tests.test_user_data_isolation.TestCrossUserDataAccess" name="test_demo_user_cannot_see_main_user_income" time="0.387" /></testsuite></testsuites>