<?xml version="1.0" encoding="utf-8"?><testsuites name="pytest tests"><testsuite name="pytest" errors="0" failures="0" skipped="2" tests="16" time="2.817" timestamp="2026-04-01T02:41:55.088392+00:00" hostname="agent-env-e852d0b0-3973-4e0e-baee-f46e9afbc34a"><testcase classname="backend.tests.test_notifications.TestNotificationSystem" name="test_get_notifications_returns_list" time="0.193" /><testcase classname="backend.tests.test_notifications.TestNotificationSystem" name="test_get_notifications_unread_only" time="0.173" /><testcase classname="backend.tests.test_notifications.TestNotificationSystem" name="test_get_notification_preferences" time="0.154" /><testcase classname="backend.tests.test_notifications.TestNotificationSystem" name="test_update_notification_preferences" time="0.211" /><testcase classname="backend.tests.test_notifications.TestNotificationSystem" name="test_mark_notification_as_read" time="0.168"><skipped type="pytest.skip" message="No notifications to test mark as read">/app/backend/tests/test_notifications.py:120: No notifications to test mark as read</skipped></testcase><testcase classname="backend.tests.test_notifications.TestNotificationSystem" name="test_mark_all_notifications_read" time="0.211" /><testcase classname="backend.tests.test_notifications.TestNotificationSystem" name="test_delete_notification" time="0.190"><skipped type="pytest.skip" message="No notifications to test delete">/app/backend/tests/test_notifications.py:154: No notifications to test delete</skipped></testcase><testcase classname="backend.tests.test_notifications.TestNotificationSystem" name="test_delete_nonexistent_notification" time="0.185" /><testcase classname="backend.tests.test_notifications.TestNotificationSystem" name="test_clear_all_notifications" time="0.191" /><testcase classname="backend.tests.test_notifications.TestNotificationSystem" name="test_check_recurring_notifications" time="0.145" /><testcase classname="backend.tests.test_notifications.TestBudgetAlertTrigger" name="test_budget_status_endpoint" time="0.161" /><testcase classname="backend.tests.test_notifications.TestBudgetAlertTrigger" name="test_create_expense_triggers_budget_check" time="0.348" /><testcase classname="backend.tests.test_notifications.TestNotificationAuthentication" name="test_get_notifications_requires_auth" time="0.100" /><testcase classname="backend.tests.test_notifications.TestNotificationAuthentication" name="test_get_preferences_requires_auth" time="0.122" /><testcase classname="backend.tests.test_notifications.TestNotificationAuthentication" name="test_mark_read_requires_auth" time="0.101" /><testcase classname="backend.tests.test_notifications.TestNotificationAuthentication" name="test_delete_notification_requires_auth" time="0.095" /></testsuite></testsuites>