<?xml version="1.0" encoding="utf-8"?><testsuites name="pytest tests"><testsuite name="pytest" errors="0" failures="0" skipped="0" tests="12" time="3.880" timestamp="2026-03-31T21:16:08.896508+00:00" hostname="agent-env-e852d0b0-3973-4e0e-baee-f46e9afbc34a"><testcase classname="backend.tests.test_recurring_features.TestRecurringFeatures" name="test_recurring_generate_endpoint_exists" time="0.388" /><testcase classname="backend.tests.test_recurring_features.TestRecurringFeatures" name="test_recurring_generate_returns_correct_structure" time="0.450" /><testcase classname="backend.tests.test_recurring_features.TestRecurringFeatures" name="test_recurring_list_endpoint" time="0.220" /><testcase classname="backend.tests.test_recurring_features.TestRecurringFeatures" name="test_recurring_generate_requires_auth" time="0.276" /><testcase classname="backend.tests.test_recurring_features.TestImportFeatures" name="test_import_parse_income" time="0.291" /><testcase classname="backend.tests.test_recurring_features.TestImportFeatures" name="test_import_parse_expense" time="0.228" /><testcase classname="backend.tests.test_recurring_features.TestImportFeatures" name="test_import_parse_k_notation" time="0.230" /><testcase classname="backend.tests.test_recurring_features.TestAnalyticsEndpoints" name="test_dashboard_analytics" time="0.236" /><testcase classname="backend.tests.test_recurring_features.TestAnalyticsEndpoints" name="test_quick_summary" time="0.241" /><testcase classname="backend.tests.test_recurring_features.TestAnalyticsEndpoints" name="test_reports_analytics" time="0.236" /><testcase classname="backend.tests.test_recurring_features.TestRecurringCRUD" name="test_create_recurring_transaction" time="0.346" /><testcase classname="backend.tests.test_recurring_features.TestRecurringCRUD" name="test_toggle_recurring_transaction" time="0.492" /></testsuite></testsuites>